<?xml version="1.0" encoding="UTF-8"?>
<testng-results ignored="0" total="1" passed="1" failed="0" skipped="0">
  <reporter-output>
    <line>
      <![CDATA[browser opened successfully]]>
    </line>
    <line>
      <![CDATA[Login successfully]]>
    </line>
    <line>
      <![CDATA[ Page Is verified successfully]]>
    </line>
    <line>
      <![CDATA[Verifed The  1st Product Added successfully]]>
    </line>
    <line>
      <![CDATA[ Title Verified successfully]]>
    </line>
    <line>
      <![CDATA[Verifed The 3rd Product Added successfully]]>
    </line>
    <line>
      <![CDATA[ Title Verified successfully]]>
    </line>
    <line>
      <![CDATA[Verifed second The Product Added successfully]]>
    </line>
    <line>
      <![CDATA[ Title Verified successfully]]>
    </line>
    <line>
      <![CDATA[CheckoutPage Is Verified successfully]]>
    </line>
    <line>
      <![CDATA[Clicked Continue Button successfully]]>
    </line>
    <line>
      <![CDATA[Clicked Finish Button successfully]]>
    </line>
    <line>
      <![CDATA[Logout is done]]>
    </line>
  </reporter-output>
  <suite started-at="2025-07-31T12:43:44 IST" name="RegressionSuite" finished-at="2025-07-31T12:44:13 IST" duration-ms="28344">
    <groups>
    </groups>
    <test started-at="2025-07-31T12:43:44 IST" name="Test" finished-at="2025-07-31T12:44:13 IST" duration-ms="28344">
      <class name="producttest.Example1Test">
        <test-method is-config="true" signature="ReportSetup()[pri:0, instance:producttest.Example1Test@69453e37]" started-at="2025-07-31T12:43:44 IST" name="ReportSetup" finished-at="2025-07-31T12:43:45 IST" duration-ms="350" status="PASS">
          <reporter-output>
          </reporter-output>
        </test-method> <!-- ReportSetup -->
        <test-method is-config="true" signature="browserSetup(java.lang.String)[pri:0, instance:producttest.Example1Test@69453e37]" started-at="2025-07-31T12:43:45 IST" name="browserSetup" finished-at="2025-07-31T12:43:54 IST" duration-ms="8848" status="PASS">
          <params>
            <param index="0">
              <value>
                <![CDATA[chrome]]>
              </value>
            </param>
          </params>
          <reporter-output>
            <line>
              <![CDATA[browser opened successfully]]>
            </line>
          </reporter-output>
        </test-method> <!-- browserSetup -->
        <test-method is-config="true" signature="login()[pri:0, instance:producttest.Example1Test@69453e37]" started-at="2025-07-31T12:43:55 IST" name="login" finished-at="2025-07-31T12:44:07 IST" duration-ms="12257" status="PASS">
          <reporter-output>
            <line>
              <![CDATA[Login successfully]]>
            </line>
          </reporter-output>
        </test-method> <!-- login -->
        <test-method signature="orderProducts(java.lang.String,java.lang.String,java.lang.String)[pri:0, instance:producttest.Example1Test@69453e37]" started-at="2025-07-31T12:44:07 IST" name="orderProducts" data-provider="Details" finished-at="2025-07-31T12:44:12 IST" duration-ms="4640" status="PASS">
          <params>
            <param index="0">
              <value>
                <![CDATA[Kalyani]]>
              </value>
            </param>
            <param index="1">
              <value>
                <![CDATA[Nimmanapalli]]>
              </value>
            </param>
            <param index="2">
              <value>
                <![CDATA[508286]]>
              </value>
            </param>
          </params>
          <reporter-output>
            <line>
              <![CDATA[ Page Is verified successfully]]>
            </line>
            <line>
              <![CDATA[Verifed The  1st Product Added successfully]]>
            </line>
            <line>
              <![CDATA[ Title Verified successfully]]>
            </line>
            <line>
              <![CDATA[Verifed The 3rd Product Added successfully]]>
            </line>
            <line>
              <![CDATA[ Title Verified successfully]]>
            </line>
            <line>
              <![CDATA[Verifed second The Product Added successfully]]>
            </line>
            <line>
              <![CDATA[ Title Verified successfully]]>
            </line>
            <line>
              <![CDATA[CheckoutPage Is Verified successfully]]>
            </line>
            <line>
              <![CDATA[Clicked Continue Button successfully]]>
            </line>
            <line>
              <![CDATA[Clicked Finish Button successfully]]>
            </line>
          </reporter-output>
        </test-method> <!-- orderProducts -->
        <test-method is-config="true" signature="Logout()[pri:0, instance:producttest.Example1Test@69453e37]" started-at="2025-07-31T12:44:12 IST" name="Logout" finished-at="2025-07-31T12:44:12 IST" duration-ms="704" status="PASS">
          <reporter-output>
            <line>
              <![CDATA[Logout is done]]>
            </line>
          </reporter-output>
        </test-method> <!-- Logout -->
        <test-method is-config="true" signature="broserTerminate()[pri:0, instance:producttest.Example1Test@69453e37]" started-at="2025-07-31T12:44:12 IST" name="broserTerminate" finished-at="2025-07-31T12:44:12 IST" duration-ms="121" status="PASS">
          <reporter-output>
          </reporter-output>
        </test-method> <!-- broserTerminate -->
        <test-method is-config="true" signature="ReportTerminate()[pri:0, instance:producttest.Example1Test@69453e37]" started-at="2025-07-31T12:44:12 IST" name="ReportTerminate" finished-at="2025-07-31T12:44:13 IST" duration-ms="394" status="PASS">
          <reporter-output>
          </reporter-output>
        </test-method> <!-- ReportTerminate -->
      </class> <!-- producttest.Example1Test -->
    </test> <!-- Test -->
  </suite> <!-- RegressionSuite -->
</testng-results>
